The system is: Darwin - 18.2.0 - x86_64
Compiling the C compiler identification source file "CMakeCCompilerId.c" succeeded.
Compiler: /Library/Developer/CommandLineTools/usr/bin/cc 
Build flags: 
Id flags:  

The output was:
0


Compilation of the C compiler identification source "CMakeCCompilerId.c" produced "a.out"

The C compiler identification is AppleClang, found in "/Users/jglez2330/Documents/C/SpaceInvadersServer/cmake-build-debug/CMakeFiles/3.13.2/CompilerIdC/a.out"

Determining if the C compiler works passed with the following output:
Change Dir: /Users/jglez2330/Documents/C/SpaceInvadersServer/cmake-build-debug/CMakeFiles/CMakeTmp

<<<<<<< Updated upstream
Run Build Command:"/usr/bin/make" "cmTC_f1082/fast"
/Library/Developer/CommandLineTools/usr/bin/make -f CMakeFiles/cmTC_f1082.dir/build.make CMakeFiles/cmTC_f1082.dir/build
Building C object CMakeFiles/cmTC_f1082.dir/testCCompiler.c.o
/Library/Developer/CommandLineTools/usr/bin/cc   -isysroot /Library/Developer/CommandLineTools/SDKs/MacOSX10.14.sdk   -o CMakeFiles/cmTC_f1082.dir/testCCompiler.c.o   -c /Users/jglez2330/Documents/C/SpaceInvadersServer/cmake-build-debug/CMakeFiles/CMakeTmp/testCCompiler.c
Linking C executable cmTC_f1082
"/Users/jglez2330/Library/Application Support/JetBrains/Toolbox/apps/CLion/ch-0/183.5429.37/CLion.app/Contents/bin/cmake/mac/bin/cmake" -E cmake_link_script CMakeFiles/cmTC_f1082.dir/link.txt --verbose=1
/Library/Developer/CommandLineTools/usr/bin/cc   -isysroot /Library/Developer/CommandLineTools/SDKs/MacOSX10.14.sdk -Wl,-search_paths_first -Wl,-headerpad_max_install_names   CMakeFiles/cmTC_f1082.dir/testCCompiler.c.o  -o cmTC_f1082 
=======
Run Build Command:"/usr/bin/make" "cmTC_939b5/fast"
/Library/Developer/CommandLineTools/usr/bin/make -f CMakeFiles/cmTC_939b5.dir/build.make CMakeFiles/cmTC_939b5.dir/build
Building C object CMakeFiles/cmTC_939b5.dir/testCCompiler.c.o
/Library/Developer/CommandLineTools/usr/bin/cc   -isysroot /Library/Developer/CommandLineTools/SDKs/MacOSX10.14.sdk   -o CMakeFiles/cmTC_939b5.dir/testCCompiler.c.o   -c /Users/jglez2330/Documents/C/SpaceInvadersServer/cmake-build-debug/CMakeFiles/CMakeTmp/testCCompiler.c
Linking C executable cmTC_939b5
"/Users/jglez2330/Library/Application Support/JetBrains/Toolbox/apps/CLion/ch-0/183.5429.37/CLion.app/Contents/bin/cmake/mac/bin/cmake" -E cmake_link_script CMakeFiles/cmTC_939b5.dir/link.txt --verbose=1
/Library/Developer/CommandLineTools/usr/bin/cc   -isysroot /Library/Developer/CommandLineTools/SDKs/MacOSX10.14.sdk -Wl,-search_paths_first -Wl,-headerpad_max_install_names   CMakeFiles/cmTC_939b5.dir/testCCompiler.c.o  -o cmTC_939b5 
>>>>>>> Stashed changes


Detecting C compiler ABI info compiled with the following output:
Change Dir: /Users/jglez2330/Documents/C/SpaceInvadersServer/cmake-build-debug/CMakeFiles/CMakeTmp

<<<<<<< Updated upstream
Run Build Command:"/usr/bin/make" "cmTC_7adf5/fast"
/Library/Developer/CommandLineTools/usr/bin/make -f CMakeFiles/cmTC_7adf5.dir/build.make CMakeFiles/cmTC_7adf5.dir/build
Building C object CMakeFiles/cmTC_7adf5.dir/CMakeCCompilerABI.c.o
/Library/Developer/CommandLineTools/usr/bin/cc   -isysroot /Library/Developer/CommandLineTools/SDKs/MacOSX10.14.sdk   -o CMakeFiles/cmTC_7adf5.dir/CMakeCCompilerABI.c.o   -c "/Users/jglez2330/Library/Application Support/JetBrains/Toolbox/apps/CLion/ch-0/183.5429.37/CLion.app/Contents/bin/cmake/mac/share/cmake-3.13/Modules/CMakeCCompilerABI.c"
Linking C executable cmTC_7adf5
"/Users/jglez2330/Library/Application Support/JetBrains/Toolbox/apps/CLion/ch-0/183.5429.37/CLion.app/Contents/bin/cmake/mac/bin/cmake" -E cmake_link_script CMakeFiles/cmTC_7adf5.dir/link.txt --verbose=1
/Library/Developer/CommandLineTools/usr/bin/cc   -isysroot /Library/Developer/CommandLineTools/SDKs/MacOSX10.14.sdk -Wl,-search_paths_first -Wl,-headerpad_max_install_names  -v -Wl,-v CMakeFiles/cmTC_7adf5.dir/CMakeCCompilerABI.c.o  -o cmTC_7adf5 
=======
Run Build Command:"/usr/bin/make" "cmTC_4122e/fast"
/Library/Developer/CommandLineTools/usr/bin/make -f CMakeFiles/cmTC_4122e.dir/build.make CMakeFiles/cmTC_4122e.dir/build
Building C object CMakeFiles/cmTC_4122e.dir/CMakeCCompilerABI.c.o
/Library/Developer/CommandLineTools/usr/bin/cc   -isysroot /Library/Developer/CommandLineTools/SDKs/MacOSX10.14.sdk   -o CMakeFiles/cmTC_4122e.dir/CMakeCCompilerABI.c.o   -c "/Users/jglez2330/Library/Application Support/JetBrains/Toolbox/apps/CLion/ch-0/183.5429.37/CLion.app/Contents/bin/cmake/mac/share/cmake-3.13/Modules/CMakeCCompilerABI.c"
Linking C executable cmTC_4122e
"/Users/jglez2330/Library/Application Support/JetBrains/Toolbox/apps/CLion/ch-0/183.5429.37/CLion.app/Contents/bin/cmake/mac/bin/cmake" -E cmake_link_script CMakeFiles/cmTC_4122e.dir/link.txt --verbose=1
/Library/Developer/CommandLineTools/usr/bin/cc   -isysroot /Library/Developer/CommandLineTools/SDKs/MacOSX10.14.sdk -Wl,-search_paths_first -Wl,-headerpad_max_install_names  -v -Wl,-v CMakeFiles/cmTC_4122e.dir/CMakeCCompilerABI.c.o  -o cmTC_4122e 
>>>>>>> Stashed changes
Apple LLVM version 10.0.1 (clang-1001.0.46.3)
Target: x86_64-apple-darwin18.2.0
Thread model: posix
InstalledDir: /Library/Developer/CommandLineTools/usr/bin
<<<<<<< Updated upstream
 "/Library/Developer/CommandLineTools/usr/bin/ld" -demangle -lto_library /Library/Developer/CommandLineTools/usr/lib/libLTO.dylib -dynamic -arch x86_64 -macosx_version_min 10.14.0 -syslibroot /Library/Developer/CommandLineTools/SDKs/MacOSX10.14.sdk -o cmTC_7adf5 -search_paths_first -headerpad_max_install_names -v CMakeFiles/cmTC_7adf5.dir/CMakeCCompilerABI.c.o -lSystem /Library/Developer/CommandLineTools/usr/lib/clang/10.0.1/lib/darwin/libclang_rt.osx.a
=======
 "/Library/Developer/CommandLineTools/usr/bin/ld" -demangle -lto_library /Library/Developer/CommandLineTools/usr/lib/libLTO.dylib -dynamic -arch x86_64 -macosx_version_min 10.14.0 -syslibroot /Library/Developer/CommandLineTools/SDKs/MacOSX10.14.sdk -o cmTC_4122e -search_paths_first -headerpad_max_install_names -v CMakeFiles/cmTC_4122e.dir/CMakeCCompilerABI.c.o -lSystem /Library/Developer/CommandLineTools/usr/lib/clang/10.0.1/lib/darwin/libclang_rt.osx.a
>>>>>>> Stashed changes
@(#)PROGRAM:ld  PROJECT:ld64-450.3
BUILD 18:01:43 Mar 13 2019
configured to support archs: armv6 armv7 armv7s arm64 arm64e arm64_32 i386 x86_64 x86_64h armv6m armv7k armv7m armv7em
Library search paths:
	/Library/Developer/CommandLineTools/SDKs/MacOSX10.14.sdk/usr/lib
Framework search paths:
	/Library/Developer/CommandLineTools/SDKs/MacOSX10.14.sdk/System/Library/Frameworks/


Parsed C implicit link information from above output:
  link line regex: [^( *|.*[/\])(ld|CMAKE_LINK_STARTFILE-NOTFOUND|([^/\]+-)?ld|collect2)[^/\]*( |$)]
  ignore line: [Change Dir: /Users/jglez2330/Documents/C/SpaceInvadersServer/cmake-build-debug/CMakeFiles/CMakeTmp]
  ignore line: []
<<<<<<< Updated upstream
  ignore line: [Run Build Command:"/usr/bin/make" "cmTC_7adf5/fast"]
  ignore line: [/Library/Developer/CommandLineTools/usr/bin/make -f CMakeFiles/cmTC_7adf5.dir/build.make CMakeFiles/cmTC_7adf5.dir/build]
  ignore line: [Building C object CMakeFiles/cmTC_7adf5.dir/CMakeCCompilerABI.c.o]
  ignore line: [/Library/Developer/CommandLineTools/usr/bin/cc   -isysroot /Library/Developer/CommandLineTools/SDKs/MacOSX10.14.sdk   -o CMakeFiles/cmTC_7adf5.dir/CMakeCCompilerABI.c.o   -c "/Users/jglez2330/Library/Application Support/JetBrains/Toolbox/apps/CLion/ch-0/183.5429.37/CLion.app/Contents/bin/cmake/mac/share/cmake-3.13/Modules/CMakeCCompilerABI.c"]
  ignore line: [Linking C executable cmTC_7adf5]
  ignore line: ["/Users/jglez2330/Library/Application Support/JetBrains/Toolbox/apps/CLion/ch-0/183.5429.37/CLion.app/Contents/bin/cmake/mac/bin/cmake" -E cmake_link_script CMakeFiles/cmTC_7adf5.dir/link.txt --verbose=1]
  ignore line: [/Library/Developer/CommandLineTools/usr/bin/cc   -isysroot /Library/Developer/CommandLineTools/SDKs/MacOSX10.14.sdk -Wl,-search_paths_first -Wl,-headerpad_max_install_names  -v -Wl,-v CMakeFiles/cmTC_7adf5.dir/CMakeCCompilerABI.c.o  -o cmTC_7adf5 ]
=======
  ignore line: [Run Build Command:"/usr/bin/make" "cmTC_4122e/fast"]
  ignore line: [/Library/Developer/CommandLineTools/usr/bin/make -f CMakeFiles/cmTC_4122e.dir/build.make CMakeFiles/cmTC_4122e.dir/build]
  ignore line: [Building C object CMakeFiles/cmTC_4122e.dir/CMakeCCompilerABI.c.o]
  ignore line: [/Library/Developer/CommandLineTools/usr/bin/cc   -isysroot /Library/Developer/CommandLineTools/SDKs/MacOSX10.14.sdk   -o CMakeFiles/cmTC_4122e.dir/CMakeCCompilerABI.c.o   -c "/Users/jglez2330/Library/Application Support/JetBrains/Toolbox/apps/CLion/ch-0/183.5429.37/CLion.app/Contents/bin/cmake/mac/share/cmake-3.13/Modules/CMakeCCompilerABI.c"]
  ignore line: [Linking C executable cmTC_4122e]
  ignore line: ["/Users/jglez2330/Library/Application Support/JetBrains/Toolbox/apps/CLion/ch-0/183.5429.37/CLion.app/Contents/bin/cmake/mac/bin/cmake" -E cmake_link_script CMakeFiles/cmTC_4122e.dir/link.txt --verbose=1]
  ignore line: [/Library/Developer/CommandLineTools/usr/bin/cc   -isysroot /Library/Developer/CommandLineTools/SDKs/MacOSX10.14.sdk -Wl,-search_paths_first -Wl,-headerpad_max_install_names  -v -Wl,-v CMakeFiles/cmTC_4122e.dir/CMakeCCompilerABI.c.o  -o cmTC_4122e ]
>>>>>>> Stashed changes
  ignore line: [Apple LLVM version 10.0.1 (clang-1001.0.46.3)]
  ignore line: [Target: x86_64-apple-darwin18.2.0]
  ignore line: [Thread model: posix]
  ignore line: [InstalledDir: /Library/Developer/CommandLineTools/usr/bin]
<<<<<<< Updated upstream
  link line: [ "/Library/Developer/CommandLineTools/usr/bin/ld" -demangle -lto_library /Library/Developer/CommandLineTools/usr/lib/libLTO.dylib -dynamic -arch x86_64 -macosx_version_min 10.14.0 -syslibroot /Library/Developer/CommandLineTools/SDKs/MacOSX10.14.sdk -o cmTC_7adf5 -search_paths_first -headerpad_max_install_names -v CMakeFiles/cmTC_7adf5.dir/CMakeCCompilerABI.c.o -lSystem /Library/Developer/CommandLineTools/usr/lib/clang/10.0.1/lib/darwin/libclang_rt.osx.a]
=======
  link line: [ "/Library/Developer/CommandLineTools/usr/bin/ld" -demangle -lto_library /Library/Developer/CommandLineTools/usr/lib/libLTO.dylib -dynamic -arch x86_64 -macosx_version_min 10.14.0 -syslibroot /Library/Developer/CommandLineTools/SDKs/MacOSX10.14.sdk -o cmTC_4122e -search_paths_first -headerpad_max_install_names -v CMakeFiles/cmTC_4122e.dir/CMakeCCompilerABI.c.o -lSystem /Library/Developer/CommandLineTools/usr/lib/clang/10.0.1/lib/darwin/libclang_rt.osx.a]
>>>>>>> Stashed changes
    arg [/Library/Developer/CommandLineTools/usr/bin/ld] ==> ignore
    arg [-demangle] ==> ignore
    arg [-lto_library] ==> ignore, skip following value
    arg [/Library/Developer/CommandLineTools/usr/lib/libLTO.dylib] ==> skip value of -lto_library
    arg [-dynamic] ==> ignore
    arg [-arch] ==> ignore
    arg [x86_64] ==> ignore
    arg [-macosx_version_min] ==> ignore
    arg [10.14.0] ==> ignore
    arg [-syslibroot] ==> ignore
    arg [/Library/Developer/CommandLineTools/SDKs/MacOSX10.14.sdk] ==> ignore
    arg [-o] ==> ignore
<<<<<<< Updated upstream
    arg [cmTC_7adf5] ==> ignore
    arg [-search_paths_first] ==> ignore
    arg [-headerpad_max_install_names] ==> ignore
    arg [-v] ==> ignore
    arg [CMakeFiles/cmTC_7adf5.dir/CMakeCCompilerABI.c.o] ==> ignore
=======
    arg [cmTC_4122e] ==> ignore
    arg [-search_paths_first] ==> ignore
    arg [-headerpad_max_install_names] ==> ignore
    arg [-v] ==> ignore
    arg [CMakeFiles/cmTC_4122e.dir/CMakeCCompilerABI.c.o] ==> ignore
>>>>>>> Stashed changes
    arg [-lSystem] ==> lib [System]
    arg [/Library/Developer/CommandLineTools/usr/lib/clang/10.0.1/lib/darwin/libclang_rt.osx.a] ==> lib [/Library/Developer/CommandLineTools/usr/lib/clang/10.0.1/lib/darwin/libclang_rt.osx.a]
  Library search paths: [;/Library/Developer/CommandLineTools/SDKs/MacOSX10.14.sdk/usr/lib]
  Framework search paths: [;/Library/Developer/CommandLineTools/SDKs/MacOSX10.14.sdk/System/Library/Frameworks/]
  remove lib [System]
  remove lib [/Library/Developer/CommandLineTools/usr/lib/clang/10.0.1/lib/darwin/libclang_rt.osx.a]
  collapse library dir [/Library/Developer/CommandLineTools/SDKs/MacOSX10.14.sdk/usr/lib] ==> [/Library/Developer/CommandLineTools/SDKs/MacOSX10.14.sdk/usr/lib]
  collapse framework dir [/Library/Developer/CommandLineTools/SDKs/MacOSX10.14.sdk/System/Library/Frameworks/] ==> [/Library/Developer/CommandLineTools/SDKs/MacOSX10.14.sdk/System/Library/Frameworks]
  implicit libs: []
  implicit dirs: [/Library/Developer/CommandLineTools/SDKs/MacOSX10.14.sdk/usr/lib]
  implicit fwks: [/Library/Developer/CommandLineTools/SDKs/MacOSX10.14.sdk/System/Library/Frameworks]




Detecting C [-std=c11] compiler features compiled with the following output:
Change Dir: /Users/jglez2330/Documents/C/SpaceInvadersServer/cmake-build-debug/CMakeFiles/CMakeTmp

<<<<<<< Updated upstream
Run Build Command:"/usr/bin/make" "cmTC_a6401/fast"
/Library/Developer/CommandLineTools/usr/bin/make -f CMakeFiles/cmTC_a6401.dir/build.make CMakeFiles/cmTC_a6401.dir/build
Building C object CMakeFiles/cmTC_a6401.dir/feature_tests.c.o
/Library/Developer/CommandLineTools/usr/bin/cc   -isysroot /Library/Developer/CommandLineTools/SDKs/MacOSX10.14.sdk   -std=c11 -o CMakeFiles/cmTC_a6401.dir/feature_tests.c.o   -c /Users/jglez2330/Documents/C/SpaceInvadersServer/cmake-build-debug/CMakeFiles/feature_tests.c
Linking C executable cmTC_a6401
"/Users/jglez2330/Library/Application Support/JetBrains/Toolbox/apps/CLion/ch-0/183.5429.37/CLion.app/Contents/bin/cmake/mac/bin/cmake" -E cmake_link_script CMakeFiles/cmTC_a6401.dir/link.txt --verbose=1
/Library/Developer/CommandLineTools/usr/bin/cc   -isysroot /Library/Developer/CommandLineTools/SDKs/MacOSX10.14.sdk -Wl,-search_paths_first -Wl,-headerpad_max_install_names   CMakeFiles/cmTC_a6401.dir/feature_tests.c.o  -o cmTC_a6401 
=======
Run Build Command:"/usr/bin/make" "cmTC_3fce9/fast"
/Library/Developer/CommandLineTools/usr/bin/make -f CMakeFiles/cmTC_3fce9.dir/build.make CMakeFiles/cmTC_3fce9.dir/build
Building C object CMakeFiles/cmTC_3fce9.dir/feature_tests.c.o
/Library/Developer/CommandLineTools/usr/bin/cc   -isysroot /Library/Developer/CommandLineTools/SDKs/MacOSX10.14.sdk   -std=c11 -o CMakeFiles/cmTC_3fce9.dir/feature_tests.c.o   -c /Users/jglez2330/Documents/C/SpaceInvadersServer/cmake-build-debug/CMakeFiles/feature_tests.c
Linking C executable cmTC_3fce9
"/Users/jglez2330/Library/Application Support/JetBrains/Toolbox/apps/CLion/ch-0/183.5429.37/CLion.app/Contents/bin/cmake/mac/bin/cmake" -E cmake_link_script CMakeFiles/cmTC_3fce9.dir/link.txt --verbose=1
/Library/Developer/CommandLineTools/usr/bin/cc   -isysroot /Library/Developer/CommandLineTools/SDKs/MacOSX10.14.sdk -Wl,-search_paths_first -Wl,-headerpad_max_install_names   CMakeFiles/cmTC_3fce9.dir/feature_tests.c.o  -o cmTC_3fce9 
>>>>>>> Stashed changes


    Feature record: C_FEATURE:1c_function_prototypes
    Feature record: C_FEATURE:1c_restrict
    Feature record: C_FEATURE:1c_static_assert
    Feature record: C_FEATURE:1c_variadic_macros


Detecting C [-std=c99] compiler features compiled with the following output:
Change Dir: /Users/jglez2330/Documents/C/SpaceInvadersServer/cmake-build-debug/CMakeFiles/CMakeTmp

<<<<<<< Updated upstream
Run Build Command:"/usr/bin/make" "cmTC_f6ec8/fast"
/Library/Developer/CommandLineTools/usr/bin/make -f CMakeFiles/cmTC_f6ec8.dir/build.make CMakeFiles/cmTC_f6ec8.dir/build
Building C object CMakeFiles/cmTC_f6ec8.dir/feature_tests.c.o
/Library/Developer/CommandLineTools/usr/bin/cc   -isysroot /Library/Developer/CommandLineTools/SDKs/MacOSX10.14.sdk   -std=c99 -o CMakeFiles/cmTC_f6ec8.dir/feature_tests.c.o   -c /Users/jglez2330/Documents/C/SpaceInvadersServer/cmake-build-debug/CMakeFiles/feature_tests.c
Linking C executable cmTC_f6ec8
"/Users/jglez2330/Library/Application Support/JetBrains/Toolbox/apps/CLion/ch-0/183.5429.37/CLion.app/Contents/bin/cmake/mac/bin/cmake" -E cmake_link_script CMakeFiles/cmTC_f6ec8.dir/link.txt --verbose=1
/Library/Developer/CommandLineTools/usr/bin/cc   -isysroot /Library/Developer/CommandLineTools/SDKs/MacOSX10.14.sdk -Wl,-search_paths_first -Wl,-headerpad_max_install_names   CMakeFiles/cmTC_f6ec8.dir/feature_tests.c.o  -o cmTC_f6ec8 
=======
Run Build Command:"/usr/bin/make" "cmTC_7e8b6/fast"
/Library/Developer/CommandLineTools/usr/bin/make -f CMakeFiles/cmTC_7e8b6.dir/build.make CMakeFiles/cmTC_7e8b6.dir/build
Building C object CMakeFiles/cmTC_7e8b6.dir/feature_tests.c.o
/Library/Developer/CommandLineTools/usr/bin/cc   -isysroot /Library/Developer/CommandLineTools/SDKs/MacOSX10.14.sdk   -std=c99 -o CMakeFiles/cmTC_7e8b6.dir/feature_tests.c.o   -c /Users/jglez2330/Documents/C/SpaceInvadersServer/cmake-build-debug/CMakeFiles/feature_tests.c
Linking C executable cmTC_7e8b6
"/Users/jglez2330/Library/Application Support/JetBrains/Toolbox/apps/CLion/ch-0/183.5429.37/CLion.app/Contents/bin/cmake/mac/bin/cmake" -E cmake_link_script CMakeFiles/cmTC_7e8b6.dir/link.txt --verbose=1
/Library/Developer/CommandLineTools/usr/bin/cc   -isysroot /Library/Developer/CommandLineTools/SDKs/MacOSX10.14.sdk -Wl,-search_paths_first -Wl,-headerpad_max_install_names   CMakeFiles/cmTC_7e8b6.dir/feature_tests.c.o  -o cmTC_7e8b6 
>>>>>>> Stashed changes


    Feature record: C_FEATURE:1c_function_prototypes
    Feature record: C_FEATURE:1c_restrict
    Feature record: C_FEATURE:0c_static_assert
    Feature record: C_FEATURE:1c_variadic_macros


Detecting C [-std=c90] compiler features compiled with the following output:
Change Dir: /Users/jglez2330/Documents/C/SpaceInvadersServer/cmake-build-debug/CMakeFiles/CMakeTmp

<<<<<<< Updated upstream
Run Build Command:"/usr/bin/make" "cmTC_7b374/fast"
/Library/Developer/CommandLineTools/usr/bin/make -f CMakeFiles/cmTC_7b374.dir/build.make CMakeFiles/cmTC_7b374.dir/build
Building C object CMakeFiles/cmTC_7b374.dir/feature_tests.c.o
/Library/Developer/CommandLineTools/usr/bin/cc   -isysroot /Library/Developer/CommandLineTools/SDKs/MacOSX10.14.sdk   -std=c90 -o CMakeFiles/cmTC_7b374.dir/feature_tests.c.o   -c /Users/jglez2330/Documents/C/SpaceInvadersServer/cmake-build-debug/CMakeFiles/feature_tests.c
Linking C executable cmTC_7b374
"/Users/jglez2330/Library/Application Support/JetBrains/Toolbox/apps/CLion/ch-0/183.5429.37/CLion.app/Contents/bin/cmake/mac/bin/cmake" -E cmake_link_script CMakeFiles/cmTC_7b374.dir/link.txt --verbose=1
/Library/Developer/CommandLineTools/usr/bin/cc   -isysroot /Library/Developer/CommandLineTools/SDKs/MacOSX10.14.sdk -Wl,-search_paths_first -Wl,-headerpad_max_install_names   CMakeFiles/cmTC_7b374.dir/feature_tests.c.o  -o cmTC_7b374 
=======
Run Build Command:"/usr/bin/make" "cmTC_b9a9a/fast"
/Library/Developer/CommandLineTools/usr/bin/make -f CMakeFiles/cmTC_b9a9a.dir/build.make CMakeFiles/cmTC_b9a9a.dir/build
Building C object CMakeFiles/cmTC_b9a9a.dir/feature_tests.c.o
/Library/Developer/CommandLineTools/usr/bin/cc   -isysroot /Library/Developer/CommandLineTools/SDKs/MacOSX10.14.sdk   -std=c90 -o CMakeFiles/cmTC_b9a9a.dir/feature_tests.c.o   -c /Users/jglez2330/Documents/C/SpaceInvadersServer/cmake-build-debug/CMakeFiles/feature_tests.c
Linking C executable cmTC_b9a9a
"/Users/jglez2330/Library/Application Support/JetBrains/Toolbox/apps/CLion/ch-0/183.5429.37/CLion.app/Contents/bin/cmake/mac/bin/cmake" -E cmake_link_script CMakeFiles/cmTC_b9a9a.dir/link.txt --verbose=1
/Library/Developer/CommandLineTools/usr/bin/cc   -isysroot /Library/Developer/CommandLineTools/SDKs/MacOSX10.14.sdk -Wl,-search_paths_first -Wl,-headerpad_max_install_names   CMakeFiles/cmTC_b9a9a.dir/feature_tests.c.o  -o cmTC_b9a9a 
>>>>>>> Stashed changes


    Feature record: C_FEATURE:1c_function_prototypes
    Feature record: C_FEATURE:0c_restrict
    Feature record: C_FEATURE:0c_static_assert
    Feature record: C_FEATURE:0c_variadic_macros
